img/1200px-A_thaliana.jpg
img/1200px-Arabidopsis_thaliana_2.jpg
img/1280px-Gel_electrophoresis_2.jpg
img/Arabidopsis_mutants.jpg
img/Arabidopsis_thaliana-flower.jpg
img/blueridgekitties_14705848177.jpg
img/blueridgekitties_3823220154.jpg
img/blueridgekitties_3836211195.jpg
img/blueridgekitties_3837000690.jpg
img/electrophoresis.jpg
img/flickr71183136_7131296647.jpg
img/gel_electrophoresis_gradient.jpg
img/guard_cells_and_stoma-flickr71183136_6985213264.jpg
img/impostorsyndrome_gemarkupt.png
img/inra_dist_22587436872.jpg
img/inra_dist_22600912055.jpg
img/inra_dist_22612133671.jpg
img/inra_dist_22726188208.jpg
img/pexels_meadow-grass-sunshine-9056.jpg
img/sedeer_2768294025.jpg
img/watman.png
img/xena_javascript.jpg
